<?xml version="1.0" encoding="UTF-8"?>
<!-- Generated by org.testng.reporters.JUnitReportReporter -->
<testsuite hostname="DESKTOP-HL4LKR3" failures="0" tests="1" name="com.telus.TestRunner.Run" time="19.829" errors="0" timestamp="2023-10-09T17:26:23 IST" skipped="0">
  <testcase classname="com.telus.TestRunner.Run" name="runScenario" time="19.829"/>
  <system-out/>
</testsuite> <!-- com.telus.TestRunner.Run -->
